<?xml version="1.0" encoding="UTF-8"?>
<!-- Generated by org.testng.reporters.JUnitXMLReporter -->
<testsuite ignored="0" hostname="Bibha" failures="0" tests="4" name="Default test" time="12.683" errors="0" timestamp="2024-11-05T20:31:13 CET">
  <testcase classname="com.projectObjectModel.UserManagementTest" name="adminTest" time="3.221"/>
  <testcase classname="com.projectObjectModel.UserManagementTest" name="searchRecordByUserName" time="1.383"/>
  <testcase classname="com.projectObjectModel.UserManagementTest" name="searchRecordByUserRole" time="1.393"/>
  <testcase classname="com.projectObjectModel.UserManagementTest" name="searchRecordByUserStatus" time="1.301"/>
</testsuite> <!-- Default test -->
