<?xml version="1.0" encoding="UTF-8"?>
<testng-results ignored="0" total="4" passed="4" failed="0" skipped="0">
  <reporter-output>
  </reporter-output>
  <suite started-at="2024-11-05T23:29:16 CET" name="Default suite" finished-at="2024-11-05T23:29:34 CET" duration-ms="17798">
    <groups>
    </groups>
    <test started-at="2024-11-05T23:29:16 CET" name="Default test" finished-at="2024-11-05T23:29:34 CET" duration-ms="17798">
      <class name="com.projectObjectModel.UserManagementTest">
        <test-method is-config="true" signature="setUp()[pri:0, instance:com.projectObjectModel.UserManagementTest@117159c0]" started-at="2024-11-05T23:29:16 CET" name="setUp" finished-at="2024-11-05T23:29:19 CET" duration-ms="3596" status="PASS">
          <reporter-output>
          </reporter-output>
        </test-method> <!-- setUp -->
        <test-method signature="adminTest()[pri:1, instance:com.projectObjectModel.UserManagementTest@117159c0]" started-at="2024-11-05T23:29:19 CET" name="adminTest" finished-at="2024-11-05T23:29:22 CET" duration-ms="2272" status="PASS">
          <reporter-output>
          </reporter-output>
        </test-method> <!-- adminTest -->
        <test-method signature="searchRecordByUserName()[pri:2, instance:com.projectObjectModel.UserManagementTest@117159c0]" started-at="2024-11-05T23:29:22 CET" name="searchRecordByUserName" finished-at="2024-11-05T23:29:26 CET" duration-ms="4104" status="PASS">
          <reporter-output>
          </reporter-output>
        </test-method> <!-- searchRecordByUserName -->
        <test-method signature="searchRecordByUserRole()[pri:3, instance:com.projectObjectModel.UserManagementTest@117159c0]" started-at="2024-11-05T23:29:26 CET" name="searchRecordByUserRole" finished-at="2024-11-05T23:29:30 CET" duration-ms="3992" status="PASS">
          <reporter-output>
          </reporter-output>
        </test-method> <!-- searchRecordByUserRole -->
        <test-method signature="searchRecordByUserStatus()[pri:4, instance:com.projectObjectModel.UserManagementTest@117159c0]" started-at="2024-11-05T23:29:30 CET" name="searchRecordByUserStatus" finished-at="2024-11-05T23:29:34 CET" duration-ms="3772" status="PASS">
          <reporter-output>
          </reporter-output>
        </test-method> <!-- searchRecordByUserStatus -->
      </class> <!-- com.projectObjectModel.UserManagementTest -->
    </test> <!-- Default test -->
  </suite> <!-- Default suite -->
</testng-results>
