<?xml version="1.0" encoding="UTF-8"?>
<testng-results ignored="0" total="4" passed="4" failed="0" skipped="0">
  <reporter-output>
  </reporter-output>
  <suite started-at="2024-11-05T20:31:00 CET" name="Default suite" finished-at="2024-11-05T20:31:13 CET" duration-ms="12683">
    <groups>
    </groups>
    <test started-at="2024-11-05T20:31:00 CET" name="Default test" finished-at="2024-11-05T20:31:13 CET" duration-ms="12683">
      <class name="com.projectObjectModel.UserManagementTest">
        <test-method is-config="true" signature="setUp()[pri:0, instance:com.projectObjectModel.UserManagementTest@117159c0]" started-at="2024-11-05T20:31:00 CET" name="setUp" finished-at="2024-11-05T20:31:05 CET" duration-ms="5247" status="PASS">
          <reporter-output>
          </reporter-output>
        </test-method> <!-- setUp -->
        <test-method signature="adminTest()[pri:1, instance:com.projectObjectModel.UserManagementTest@117159c0]" started-at="2024-11-05T20:31:05 CET" name="adminTest" finished-at="2024-11-05T20:31:08 CET" duration-ms="3221" status="PASS">
          <reporter-output>
          </reporter-output>
        </test-method> <!-- adminTest -->
        <test-method signature="searchRecordByUserName()[pri:2, instance:com.projectObjectModel.UserManagementTest@117159c0]" started-at="2024-11-05T20:31:09 CET" name="searchRecordByUserName" finished-at="2024-11-05T20:31:10 CET" duration-ms="1383" status="PASS">
          <reporter-output>
          </reporter-output>
        </test-method> <!-- searchRecordByUserName -->
        <test-method signature="searchRecordByUserRole()[pri:3, instance:com.projectObjectModel.UserManagementTest@117159c0]" started-at="2024-11-05T20:31:10 CET" name="searchRecordByUserRole" finished-at="2024-11-05T20:31:11 CET" duration-ms="1393" status="PASS">
          <reporter-output>
          </reporter-output>
        </test-method> <!-- searchRecordByUserRole -->
        <test-method signature="searchRecordByUserStatus()[pri:4, instance:com.projectObjectModel.UserManagementTest@117159c0]" started-at="2024-11-05T20:31:11 CET" name="searchRecordByUserStatus" finished-at="2024-11-05T20:31:13 CET" duration-ms="1301" status="PASS">
          <reporter-output>
          </reporter-output>
        </test-method> <!-- searchRecordByUserStatus -->
      </class> <!-- com.projectObjectModel.UserManagementTest -->
    </test> <!-- Default test -->
  </suite> <!-- Default suite -->
</testng-results>
